<?xml version="1.0" encoding="UTF-8"?>
<testsuite name="com.Aster.FloristApplicationTests" tests="1" skipped="0" failures="0" errors="0" timestamp="2020-02-29T19:41:50" hostname="LeOOn.local" time="0.427">
  <properties/>
  <testcase name="contextLoads()" classname="com.Aster.FloristApplicationTests" time="0.427"/>
  <system-out><![CDATA[14:41:48.559 [Test worker] DEBUG org.springframework.test.context.BootstrapUtils - Instantiating CacheAwareContextLoaderDelegate from class [org.springframework.test.context.cache.DefaultCacheAwareContextLoaderDelegate]
14:41:48.577 [Test worker] DEBUG org.springframework.test.context.BootstrapUtils - Instantiating BootstrapContext using constructor [public org.springframework.test.context.support.DefaultBootstrapContext(java.lang.Class,org.springframework.test.context.CacheAwareContextLoaderDelegate)]
14:41:48.604 [Test worker] DEBUG org.springframework.test.context.BootstrapUtils - Instantiating TestContextBootstrapper for test class [com.Aster.FloristApplicationTests] from class [org.springframework.boot.test.context.SpringBootTestContextBootstrapper]
14:41:48.617 [Test worker] INFO org.springframework.boot.test.context.SpringBootTestContextBootstrapper - Neither @ContextConfiguration nor @ContextHierarchy found for test class [com.Aster.FloristApplicationTests], using SpringBootContextLoader
14:41:48.620 [Test worker] DEBUG org.springframework.test.context.support.AbstractContextLoader - Did not detect default resource location for test class [com.Aster.FloristApplicationTests]: class path resource [com/Aster/FloristApplicationTests-context.xml] does not exist
14:41:48.621 [Test worker] DEBUG org.springframework.test.context.support.AbstractContextLoader - Did not detect default resource location for test class [com.Aster.FloristApplicationTests]: class path resource [com/Aster/FloristApplicationTestsContext.groovy] does not exist
14:41:48.622 [Test worker] INFO org.springframework.test.context.support.AbstractContextLoader - Could not detect default resource locations for test class [com.Aster.FloristApplicationTests]: no resource found for suffixes {-context.xml, Context.groovy}.
14:41:48.622 [Test worker] INFO org.springframework.test.context.support.AnnotationConfigContextLoaderUtils - Could not detect default configuration classes for test class [com.Aster.FloristApplicationTests]: FloristApplicationTests does not declare any static, non-private, non-final, nested classes annotated with @Configuration.
14:41:48.654 [Test worker] DEBUG org.springframework.test.context.support.ActiveProfilesUtils - Could not find an 'annotation declaring class' for annotation type [org.springframework.test.context.ActiveProfiles] and class [com.Aster.FloristApplicationTests]
14:41:48.709 [Test worker] DEBUG org.springframework.context.annotation.ClassPathScanningCandidateComponentProvider - Identified candidate component class: file [/Users/leon/Aster/build/classes/java/main/com/Aster/FloristApplication.class]
14:41:48.710 [Test worker] INFO org.springframework.boot.test.context.SpringBootTestContextBootstrapper - Found @SpringBootConfiguration com.Aster.FloristApplication for test class com.Aster.FloristApplicationTests
14:41:48.793 [Test worker] DEBUG org.springframework.boot.test.context.SpringBootTestContextBootstrapper - @TestExecutionListeners is not present for class [com.Aster.FloristApplicationTests]: using defaults.
14:41:48.793 [Test worker] INFO org.springframework.boot.test.context.SpringBootTestContextBootstrapper - Loaded default TestExecutionListener class names from location [META-INF/spring.factories]: [org.springframework.boot.test.autoconfigure.restdocs.RestDocsTestExecutionListener, org.springframework.boot.test.autoconfigure.web.client.MockRestServiceServerResetTestExecutionListener, org.springframework.boot.test.autoconfigure.web.servlet.MockMvcPrintOnlyOnFailureTestExecutionListener, org.springframework.boot.test.autoconfigure.web.servlet.WebDriverTestExecutionListener, org.springframework.boot.test.mock.mockito.MockitoTestExecutionListener, org.springframework.boot.test.mock.mockito.ResetMocksTestExecutionListener, org.springframework.test.context.web.ServletTestExecutionListener, org.springframework.test.context.support.DirtiesContextBeforeModesTestExecutionListener, org.springframework.test.context.support.DependencyInjectionTestExecutionListener, org.springframework.test.context.support.DirtiesContextTestExecutionListener, org.springframework.test.context.transaction.TransactionalTestExecutionListener, org.springframework.test.context.jdbc.SqlScriptsTestExecutionListener, org.springframework.test.context.event.EventPublishingTestExecutionListener]
14:41:48.801 [Test worker] DEBUG org.springframework.boot.test.context.SpringBootTestContextBootstrapper - Skipping candidate TestExecutionListener [org.springframework.test.context.transaction.TransactionalTestExecutionListener] due to a missing dependency. Specify custom listener classes or make the default listener classes and their required dependencies available. Offending class: [org/springframework/transaction/interceptor/TransactionAttributeSource]
14:41:48.802 [Test worker] DEBUG org.springframework.boot.test.context.SpringBootTestContextBootstrapper - Skipping candidate TestExecutionListener [org.springframework.test.context.jdbc.SqlScriptsTestExecutionListener] due to a missing dependency. Specify custom listener classes or make the default listener classes and their required dependencies available. Offending class: [org/springframework/transaction/interceptor/TransactionAttribute]
14:41:48.802 [Test worker] INFO org.springframework.boot.test.context.SpringBootTestContextBootstrapper - Using TestExecutionListeners: [org.springframework.test.context.web.ServletTestExecutionListener@746a6e57, org.springframework.test.context.support.DirtiesContextBeforeModesTestExecutionListener@77b56edc, org.springframework.boot.test.mock.mockito.MockitoTestExecutionListener@65546dee, org.springframework.boot.test.autoconfigure.SpringBootDependencyInjectionTestExecutionListener@50617b94, org.springframework.test.context.support.DirtiesContextTestExecutionListener@775eaf19, org.springframework.test.context.event.EventPublishingTestExecutionListener@2bc1fca0, org.springframework.boot.test.autoconfigure.restdocs.RestDocsTestExecutionListener@6d3ccf2b, org.springframework.boot.test.autoconfigure.web.client.MockRestServiceServerResetTestExecutionListener@365aa4c3, org.springframework.boot.test.autoconfigure.web.servlet.MockMvcPrintOnlyOnFailureTestExecutionListener@347ef376, org.springframework.boot.test.autoconfigure.web.servlet.WebDriverTestExecutionListener@10fe3da5, org.springframework.boot.test.mock.mockito.ResetMocksTestExecutionListener@1b30ed06]
14:41:48.805 [Test worker] DEBUG org.springframework.test.context.support.AbstractDirtiesContextTestExecutionListener - Before test class: context [DefaultTestContext@1372fa27 testClass = FloristApplicationTests, testInstance = [null], testMethod = [null], testException = [null], mergedContextConfiguration = [WebMergedContextConfiguration@58b606ab testClass = FloristApplicationTests, locations = '{}', classes = '{class com.Aster.FloristApplication}', contextInitializerClasses = '[]', activeProfiles = '{}', propertySourceLocations = '{}', propertySourceProperties = '{org.springframework.boot.test.context.SpringBootTestContextBootstrapper=true}', contextCustomizers = set[org.springframework.boot.test.autoconfigure.properties.PropertyMappingContextCustomizer@0, org.springframework.boot.test.autoconfigure.web.servlet.WebDriverContextCustomizerFactory$Customizer@6ef8b3c0, org.springframework.boot.test.context.filter.ExcludeFilterContextCustomizer@4340a9df, org.springframework.boot.test.json.DuplicateJsonObjectContextCustomizerFactory$DuplicateJsonObjectContextCustomizer@7c8a6342, org.springframework.boot.test.mock.mockito.MockitoContextCustomizer@0, org.springframework.boot.test.web.client.TestRestTemplateContextCustomizer@54038cbb], resourceBasePath = 'src/main/webapp', contextLoader = 'org.springframework.boot.test.context.SpringBootContextLoader', parent = [null]], attributes = map['org.springframework.test.context.web.ServletTestExecutionListener.activateListener' -> true]], class annotated with @DirtiesContext [false] with mode [null].
14:41:48.838 [Test worker] DEBUG org.springframework.test.context.support.TestPropertySourceUtils - Adding inlined properties to environment: {spring.jmx.enabled=false, org.springframework.boot.test.context.SpringBootTestContextBootstrapper=true, server.port=-1}

  .   ____          _            __ _ _
 /\\ / ___'_ __ _ _(_)_ __  __ _ \ \ \ \
( ( )\___ | '_ | '_| | '_ \/ _` | \ \ \ \
 \\/  ___)| |_)| | | | | || (_| |  ) ) ) )
  '  |____| .__|_| |_|_| |_\__, | / / / /
 =========|_|==============|___/=/_/_/_/
 :: Spring Boot ::        (v2.2.4.RELEASE)

2020-02-29 14:41:49.152  INFO 60176 --- [    Test worker] com.Aster.FloristApplicationTests        : Starting FloristApplicationTests on LeOOn.local with PID 60176 (started by leon in /Users/leon/Aster)
2020-02-29 14:41:49.155  INFO 60176 --- [    Test worker] com.Aster.FloristApplicationTests        : No active profile set, falling back to default profiles: default
2020-02-29 14:41:50.369  INFO 60176 --- [    Test worker] o.s.s.concurrent.ThreadPoolTaskExecutor  : Initializing ExecutorService 'applicationTaskExecutor'
2020-02-29 14:41:50.582  INFO 60176 --- [    Test worker] com.Aster.FloristApplicationTests        : Started FloristApplicationTests in 1.732 seconds (JVM running for 2.84)
]]></system-out>
  <system-err><![CDATA[]]></system-err>
</testsuite>
